{"level":"warn","message":"Hello distributed log files!"}
{"level":"warn","message":"Hello distributed log files!"}
{"level":"warn","message":"Hello distributed log files!"}
{"message":"Fetched All Users","level":"info"}
{"level":"warn","message":"Hello distributed log files!"}
{"message":"Fetched All Users","level":"info"}
{"level":"warn","message":"Hello distributed log files!"}
{"message":"Fetched All Users","level":"info"}
{"level":"warn","message":"Hello distributed log files!"}
{"message":"Fetched All Users","level":"info"}
{"level":"warn","message":"Hello distributed log files!"}
{"message":"Fetched All Users","level":"info"}
{"level":"warn","message":"Hello distributed log files!"}
{"message":"Fetched All Users","level":"info"}
{"level":"warn","message":"Hello distributed log files!"}
{"message":"Fetched All Users","level":"info"}
{"level":"warn","message":"Hello distributed log files!"}
{"message":"Fetched All Users","level":"info"}
{"level":"warn","message":"Hello distributed log files!"}
{"message":"Fetched All Users","level":"info"}
{"level":"warn","message":"Hello distributed log files!"}
{"message":"Fetched All Users","level":"info"}
{"level":"warn","message":"Hello distributed log files!"}
{"message":"Fetched All Users","level":"info"}
{"level":"warn","message":"Hello distributed log files!"}
{"message":"Fetched All Users","level":"info"}
{"level":"warn","message":"Hello distributed log files!"}
{"message":"Fetched All Users","level":"info"}
{"level":"warn","message":"Hello distributed log files!"}
{"message":"Fetched All Users","level":"info"}
{"level":"warn","message":"Hello distributed log files!"}
{"message":"Fetched All Users","level":"info"}
{"level":"warn","message":"Hello distributed log files!"}
{"message":"Fetched All Users","level":"info"}
{"level":"warn","message":"Hello distributed log files!"}
{"message":"Fetched All Users","level":"info"}
{"level":"warn","message":"Hello distributed log files!"}
{"message":"User added successfully","level":"info"}
{"level":"warn","message":"Hello distributed log files!"}
{"message":"User added successfully","level":"info"}
{"level":"warn","message":"Hello distributed log files!"}
{"message":"Fetched All Users","level":"info"}
{"level":"warn","message":"Hello distributed log files!"}
{"message":"Fetched All Users","level":"info"}
{"level":"warn","message":"Hello distributed log files!"}
{"level":"warn","message":"Hello distributed log files!"}
{"level":"warn","message":"Hello distributed log files!"}
{"level":"warn","message":"Hello distributed log files!"}
{"level":"warn","message":"Hello distributed log files!"}
{"level":"warn","message":"Hello distributed log files!"}
{"level":"warn","message":"Hello distributed log files!"}
{"level":"warn","message":"Hello distributed log files!"}
{"message":"Fetched All Users","level":"info"}
{"level":"warn","message":"Hello distributed log files!"}
{"level":"warn","message":"Hello distributed log files!"}
{"message":"Fetched All Users","level":"info"}
{"level":"warn","message":"Hello distributed log files!"}
{"message":"User added successfully","level":"info"}
{"level":"warn","message":"Hello distributed log files!"}
{"message":"Fetched All Users","level":"info"}
{"level":"warn","message":"Hello distributed log files!"}
{"message":"Fetched All Users","level":"info"}
{"level":"warn","message":"Hello distributed log files!"}
{"message":"Fetched All Users","level":"info"}
{"level":"warn","message":"Hello distributed log files!"}
{"message":"Fetched All Users","level":"info"}
{"level":"warn","message":"Hello distributed log files!"}
{"message":"Fetched All Users","level":"info"}
{"level":"warn","message":"Hello distributed log files!"}
{"message":"Fetched All Users","level":"info"}
{"level":"warn","message":"Hello distributed log files!"}
{"message":"Fetched All Users","level":"info"}
{"level":"warn","message":"Hello distributed log files!"}
{"message":"Fetched All Users","level":"info"}
{"level":"warn","message":"Hello distributed log files!"}
{"message":"Fetched All Users","level":"info"}
{"level":"warn","message":"Hello distributed log files!"}
{"message":"Fetched user with id : 124","level":"info"}
{"level":"warn","message":"Hello distributed log files!"}
{"message":"Fetched All Users","level":"info"}
{"level":"warn","message":"Hello distributed log files!"}
{"level":"warn","message":"Hello distributed log files!"}
{"message":"Fetched All Users","level":"info"}
{"level":"warn","message":"Hello distributed log files!"}
{"message":"Fetched All Users","level":"info"}
{"level":"warn","message":"Hello distributed log files!"}
{"level":"warn","message":"Hello distributed log files!"}
{"message":"Fetched All Users","level":"info"}
{"message":"User updated with id : 124","level":"info"}
{"level":"warn","message":"Hello distributed log files!"}
{"message":"Fetched All Users","level":"info"}
{"level":"warn","message":"Hello distributed log files!"}
{"message":"Fetched All Users","level":"info"}
{"level":"warn","message":"Hello distributed log files!"}
{"message":"Fetched All Users","level":"info"}
{"level":"warn","message":"Hello distributed log files!"}
{"message":"Fetched All Users","level":"info"}
{"level":"warn","message":"Hello distributed log files!"}
{"message":"Fetched All Users","level":"info"}
{"level":"warn","message":"Hello distributed log files!"}
{"message":"Fetched All Users","level":"info"}
{"level":"warn","message":"Hello distributed log files!"}
{"message":"Fetched All Users","level":"info"}
{"level":"warn","message":"Hello distributed log files!"}
{"level":"warn","message":"Hello distributed log files!"}
{"message":"Fetched All Users","level":"info"}
{"level":"warn","message":"Hello distributed log files!"}
{"message":"Fetched All Users","level":"info"}
{"level":"warn","message":"Hello distributed log files!"}
{"message":"User added successfully","level":"info"}
{"level":"warn","message":"Hello distributed log files!"}
{"message":"Fetched All Users","level":"info"}
{"level":"warn","message":"Hello distributed log files!"}
{"level":"warn","message":"Hello distributed log files!"}
{"message":"User deleted with id : 124","level":"info"}
{"level":"warn","message":"Hello distributed log files!"}
{"message":"Fetched All Users","level":"info"}
{"level":"warn","message":"Hello distributed log files!"}
{"message":"Fetched All Users","level":"info"}
{"level":"warn","message":"Hello distributed log files!"}
{"message":"Fetched All Users","level":"info"}
{"level":"warn","message":"Hello distributed log files!"}
{"message":"Fetched All Users","level":"info"}
{"level":"warn","message":"Hello distributed log files!"}
{"message":"Fetched All Users","level":"info"}
{"level":"warn","message":"Hello distributed log files!"}
{"message":"Fetched All Users","level":"info"}
{"level":"warn","message":"Hello distributed log files!"}
{"message":"Fetched All Users","level":"info"}
{"level":"warn","message":"Hello distributed log files!"}
{"message":"Fetched All Users","level":"info"}
{"level":"warn","message":"Hello distributed log files!"}
{"message":"Fetched All Users","level":"info"}
{"level":"warn","message":"Hello distributed log files!"}
{"message":"Fetched All Users","level":"info"}
{"level":"warn","message":"Hello distributed log files!"}
{"message":"Fetched All Users","level":"info"}
